<?xml version="1.0" encoding="UTF-8"?>
<!-- Generated by org.testng.reporters.JUnitReportReporter -->
<testsuite hostname="Prakash-Laptop" failures="0" tests="1" name="testCases.TC002_LoginTest" time="8.484" errors="0" timestamp="2024-12-19T05:53:46 GMT-05:00" skipped="0">
  <testcase classname="testCases.TC002_LoginTest" name="verify_login" time="8.484"/>
</testsuite> <!-- testCases.TC002_LoginTest -->
