<?xml version="1.0" encoding="UTF-8"?>
<!-- Generated by org.testng.reporters.JUnitReportReporter -->
<testsuite hostname="Prakash-Laptop" failures="0" tests="1" name="testCases.TC001_AccountRegistrationTest" time="8.625" errors="0" timestamp="2024-12-19T05:31:42 GMT-05:00" skipped="0">
  <testcase classname="testCases.TC001_AccountRegistrationTest" name="verify_account_registration" time="8.625"/>
</testsuite> <!-- testCases.TC001_AccountRegistrationTest -->
