<?xml version="1.0" encoding="UTF-8"?>
<!-- Generated by org.testng.reporters.JUnitReportReporter -->
<testsuite hostname="Prakash-Laptop" failures="0" tests="1" name="testCases.TC002_LoginTest" time="10.284" errors="0" timestamp="2024-12-19T13:01:18 GMT-05:00" skipped="0">
  <testcase classname="testCases.TC002_LoginTest" name="verify_login" time="10.284"/>
</testsuite> <!-- testCases.TC002_LoginTest -->
